<?xml version="1.0" encoding="UTF-8"?>
<coverage generated="1630509160337" clover="3.2.0">
  <project timestamp="1630509160338" name="All files">
    <metrics statements="46" coveredstatements="39" conditionals="35" coveredconditionals="19" methods="11" coveredmethods="9" elements="92" coveredelements="67" complexity="0" loc="46" ncloc="46" packages="1" files="1" classes="1"/>
    <file name="paragraphDetail.js" path="/Users/dwertheimer/Documents/Programming-Local/Noteplan-NoteHelpers/plugins-main-repo/dwertheimer.TaskAutomations/src/paragraphDetail.js">
      <metrics statements="46" coveredstatements="39" conditionals="35" coveredconditionals="19" methods="11" coveredmethods="9"/>
      <line num="2" count="1" type="stmt"/>
      <line num="4" count="6" type="stmt"/>
      <line num="5" count="38" type="stmt"/>
      <line num="6" count="4" type="stmt"/>
      <line num="7" count="2" type="stmt"/>
      <line num="15" count="2" type="stmt"/>
      <line num="16" count="2" type="stmt"/>
      <line num="17" count="34" type="cond" truecount="4" falsecount="0"/>
      <line num="18" count="34" type="stmt"/>
      <line num="20" count="2" type="stmt"/>
      <line num="29" count="3" type="stmt"/>
      <line num="30" count="38" type="cond" truecount="4" falsecount="0"/>
      <line num="31" count="12" type="stmt"/>
      <line num="32" count="12" type="stmt"/>
      <line num="33" count="13" type="stmt"/>
      <line num="34" count="12" type="stmt"/>
      <line num="35" count="12" type="stmt"/>
      <line num="37" count="26" type="stmt"/>
      <line num="39" count="3" type="stmt"/>
      <line num="51" count="0" type="stmt"/>
      <line num="52" count="0" type="cond" truecount="0" falsecount="2"/>
      <line num="53" count="0" type="cond" truecount="0" falsecount="2"/>
      <line num="55" count="0" type="cond" truecount="0" falsecount="2"/>
      <line num="57" count="0" type="cond" truecount="0" falsecount="4"/>
      <line num="58" count="0" type="cond" truecount="0" falsecount="4"/>
      <line num="59" count="0" type="stmt"/>
      <line num="68" count="2" type="stmt"/>
      <line num="74" count="2" type="stmt"/>
      <line num="75" count="2" type="stmt"/>
      <line num="76" count="2" type="cond" truecount="2" falsecount="0"/>
      <line num="77" count="1" type="stmt"/>
      <line num="79" count="2" type="cond" truecount="1" falsecount="1"/>
      <line num="80" count="2" type="stmt"/>
      <line num="83" count="2" type="stmt"/>
      <line num="84" count="34" type="stmt"/>
      <line num="85" count="34" type="stmt"/>
      <line num="86" count="34" type="cond" truecount="2" falsecount="0"/>
      <line num="87" count="30" type="cond" truecount="1" falsecount="1"/>
      <line num="88" count="30" type="cond" truecount="4" falsecount="0"/>
      <line num="89" count="12" type="stmt"/>
      <line num="90" count="12" type="stmt"/>
      <line num="93" count="2" type="stmt"/>
      <line num="109" count="1" type="stmt"/>
      <line num="112" count="1" type="stmt"/>
      <line num="114" count="1" type="stmt"/>
      <line num="117" count="1" type="stmt"/>
    </file>
  </project>
</coverage>
