{"/Users/dwertheimer/Documents/Programming-Local/Noteplan-NoteHelpers/plugins-main-repo/dwertheimer.TaskAutomations/src/paragraphDetail.js": {"path":"/Users/dwertheimer/Documents/Programming-Local/Noteplan-NoteHelpers/plugins-main-repo/dwertheimer.TaskAutomations/src/paragraphDetail.js","statementMap":{"0":{"start":{"line":2,"column":10},"end":{"line":2,"column":27}},"1":{"start":{"line":4,"column":22},"end":{"line":4,"column":88}},"2":{"start":{"line":4,"column":29},"end":{"line":4,"column":88}},"3":{"start":{"line":5,"column":26},"end":{"line":5,"column":50}},"4":{"start":{"line":5,"column":33},"end":{"line":5,"column":50}},"5":{"start":{"line":6,"column":32},"end":{"line":6,"column":74}},"6":{"start":{"line":6,"column":42},"end":{"line":6,"column":74}},"7":{"start":{"line":7,"column":28},"end":{"line":7,"column":66}},"8":{"start":{"line":7,"column":38},"end":{"line":7,"column":66}},"9":{"start":{"line":15,"column":16},"end":{"line":15,"column":37}},"10":{"start":{"line":16,"column":16},"end":{"line":19,"column":4}},"11":{"start":{"line":17,"column":4},"end":{"line":17,"column":52}},"12":{"start":{"line":17,"column":35},"end":{"line":17,"column":52}},"13":{"start":{"line":18,"column":4},"end":{"line":18,"column":19}},"14":{"start":{"line":20,"column":2},"end":{"line":20,"column":14}},"15":{"start":{"line":29,"column":16},"end":{"line":38,"column":4}},"16":{"start":{"line":30,"column":4},"end":{"line":36,"column":5}},"17":{"start":{"line":31,"column":22},"end":{"line":31,"column":23}},"18":{"start":{"line":32,"column":16},"end":{"line":32,"column":17}},"19":{"start":{"line":33,"column":6},"end":{"line":33,"column":60}},"20":{"start":{"line":33,"column":49},"end":{"line":33,"column":60}},"21":{"start":{"line":34,"column":6},"end":{"line":34,"column":27}},"22":{"start":{"line":35,"column":6},"end":{"line":35,"column":14}},"23":{"start":{"line":37,"column":4},"end":{"line":37,"column":12}},"24":{"start":{"line":39,"column":2},"end":{"line":39,"column":14}},"25":{"start":{"line":51,"column":12},"end":{"line":51,"column":31}},"26":{"start":{"line":52,"column":2},"end":{"line":56,"column":3}},"27":{"start":{"line":53,"column":4},"end":{"line":53,"column":73}},"28":{"start":{"line":53,"column":57},"end":{"line":53,"column":73}},"29":{"start":{"line":55,"column":4},"end":{"line":55,"column":72}},"30":{"start":{"line":55,"column":58},"end":{"line":55,"column":72}},"31":{"start":{"line":57,"column":2},"end":{"line":57,"column":74}},"32":{"start":{"line":57,"column":56},"end":{"line":57,"column":74}},"33":{"start":{"line":58,"column":2},"end":{"line":58,"column":69}},"34":{"start":{"line":58,"column":56},"end":{"line":58,"column":69}},"35":{"start":{"line":59,"column":2},"end":{"line":59,"column":13}},"36":{"start":{"line":68,"column":19},"end":{"line":73,"column":3}},"37":{"start":{"line":74,"column":15},"end":{"line":74,"column":42}},"38":{"start":{"line":75,"column":14},"end":{"line":75,"column":24}},"39":{"start":{"line":76,"column":2},"end":{"line":78,"column":3}},"40":{"start":{"line":77,"column":4},"end":{"line":77,"column":30}},"41":{"start":{"line":79,"column":2},"end":{"line":81,"column":3}},"42":{"start":{"line":80,"column":4},"end":{"line":80,"column":33}},"43":{"start":{"line":83,"column":2},"end":{"line":92,"column":3}},"44":{"start":{"line":83,"column":15},"end":{"line":83,"column":31}},"45":{"start":{"line":84,"column":14},"end":{"line":84,"column":22}},"46":{"start":{"line":85,"column":22},"end":{"line":85,"column":41}},"47":{"start":{"line":86,"column":4},"end":{"line":86,"column":46}},"48":{"start":{"line":86,"column":38},"end":{"line":86,"column":46}},"49":{"start":{"line":87,"column":22},"end":{"line":87,"column":77}},"50":{"start":{"line":88,"column":4},"end":{"line":91,"column":5}},"51":{"start":{"line":89,"column":6},"end":{"line":89,"column":27}},"52":{"start":{"line":90,"column":6},"end":{"line":90,"column":29}},"53":{"start":{"line":93,"column":2},"end":{"line":93,"column":14}},"54":{"start":{"line":109,"column":22},"end":{"line":111,"column":1}},"55":{"start":{"line":112,"column":0},"end":{"line":112,"column":31}},"56":{"start":{"line":114,"column":25},"end":{"line":116,"column":1}},"57":{"start":{"line":117,"column":0},"end":{"line":117,"column":34}}},"fnMap":{"0":{"name":"(anonymous_0)","decl":{"start":{"line":4,"column":22},"end":{"line":4,"column":23}},"loc":{"start":{"line":4,"column":29},"end":{"line":4,"column":88}},"line":4},"1":{"name":"(anonymous_1)","decl":{"start":{"line":5,"column":26},"end":{"line":5,"column":27}},"loc":{"start":{"line":5,"column":33},"end":{"line":5,"column":50}},"line":5},"2":{"name":"(anonymous_2)","decl":{"start":{"line":6,"column":32},"end":{"line":6,"column":33}},"loc":{"start":{"line":6,"column":42},"end":{"line":6,"column":74}},"line":6},"3":{"name":"(anonymous_3)","decl":{"start":{"line":7,"column":28},"end":{"line":7,"column":29}},"loc":{"start":{"line":7,"column":38},"end":{"line":7,"column":66}},"line":7},"4":{"name":"setHeadings","decl":{"start":{"line":14,"column":16},"end":{"line":14,"column":27}},"loc":{"start":{"line":14,"column":40},"end":{"line":21,"column":1}},"line":14},"5":{"name":"(anonymous_5)","decl":{"start":{"line":16,"column":31},"end":{"line":16,"column":32}},"loc":{"start":{"line":16,"column":41},"end":{"line":19,"column":3}},"line":16},"6":{"name":"setTextIndents","decl":{"start":{"line":28,"column":16},"end":{"line":28,"column":30}},"loc":{"start":{"line":28,"column":43},"end":{"line":40,"column":1}},"line":28},"7":{"name":"(anonymous_7)","decl":{"start":{"line":29,"column":31},"end":{"line":29,"column":32}},"loc":{"start":{"line":29,"column":41},"end":{"line":38,"column":3}},"line":29},"8":{"name":"comparePredecessor","decl":{"start":{"line":49,"column":16},"end":{"line":49,"column":34}},"loc":{"start":{"line":49,"column":57},"end":{"line":60,"column":1}},"line":49},"9":{"name":"flagParagraphsForSweeping","decl":{"start":{"line":67,"column":16},"end":{"line":67,"column":41}},"loc":{"start":{"line":67,"column":68},"end":{"line":94,"column":1}},"line":67},"10":{"name":"getParagraphDetail","decl":{"start":{"line":103,"column":22},"end":{"line":103,"column":40}},"loc":{"start":{"line":103,"column":64},"end":{"line":107,"column":1}},"line":103}},"branchMap":{"0":{"loc":{"start":{"line":17,"column":4},"end":{"line":17,"column":52}},"type":"if","locations":[{"start":{"line":17,"column":4},"end":{"line":17,"column":52}},{"start":{"line":17,"column":4},"end":{"line":17,"column":52}}],"line":17},"1":{"loc":{"start":{"line":17,"column":8},"end":{"line":17,"column":33}},"type":"binary-expr","locations":[{"start":{"line":17,"column":8},"end":{"line":17,"column":13}},{"start":{"line":17,"column":17},"end":{"line":17,"column":33}}],"line":17},"2":{"loc":{"start":{"line":30,"column":4},"end":{"line":36,"column":5}},"type":"if","locations":[{"start":{"line":30,"column":4},"end":{"line":36,"column":5}},{"start":{"line":30,"column":4},"end":{"line":36,"column":5}}],"line":30},"3":{"loc":{"start":{"line":30,"column":8},"end":{"line":30,"column":45}},"type":"binary-expr","locations":[{"start":{"line":30,"column":8},"end":{"line":30,"column":25}},{"start":{"line":30,"column":29},"end":{"line":30,"column":45}}],"line":30},"4":{"loc":{"start":{"line":52,"column":2},"end":{"line":56,"column":3}},"type":"if","locations":[{"start":{"line":52,"column":2},"end":{"line":56,"column":3}},{"start":{"line":52,"column":2},"end":{"line":56,"column":3}}],"line":52},"5":{"loc":{"start":{"line":53,"column":4},"end":{"line":53,"column":73}},"type":"if","locations":[{"start":{"line":53,"column":4},"end":{"line":53,"column":73}},{"start":{"line":53,"column":4},"end":{"line":53,"column":73}}],"line":53},"6":{"loc":{"start":{"line":55,"column":4},"end":{"line":55,"column":72}},"type":"if","locations":[{"start":{"line":55,"column":4},"end":{"line":55,"column":72}},{"start":{"line":55,"column":4},"end":{"line":55,"column":72}}],"line":55},"7":{"loc":{"start":{"line":57,"column":2},"end":{"line":57,"column":74}},"type":"if","locations":[{"start":{"line":57,"column":2},"end":{"line":57,"column":74}},{"start":{"line":57,"column":2},"end":{"line":57,"column":74}}],"line":57},"8":{"loc":{"start":{"line":57,"column":6},"end":{"line":57,"column":54}},"type":"binary-expr","locations":[{"start":{"line":57,"column":6},"end":{"line":57,"column":31}},{"start":{"line":57,"column":35},"end":{"line":57,"column":54}}],"line":57},"9":{"loc":{"start":{"line":58,"column":2},"end":{"line":58,"column":69}},"type":"if","locations":[{"start":{"line":58,"column":2},"end":{"line":58,"column":69}},{"start":{"line":58,"column":2},"end":{"line":58,"column":69}}],"line":58},"10":{"loc":{"start":{"line":58,"column":6},"end":{"line":58,"column":54}},"type":"binary-expr","locations":[{"start":{"line":58,"column":6},"end":{"line":58,"column":31}},{"start":{"line":58,"column":35},"end":{"line":58,"column":54}}],"line":58},"11":{"loc":{"start":{"line":67,"column":54},"end":{"line":67,"column":66}},"type":"default-arg","locations":[{"start":{"line":67,"column":64},"end":{"line":67,"column":66}}],"line":67},"12":{"loc":{"start":{"line":76,"column":2},"end":{"line":78,"column":3}},"type":"if","locations":[{"start":{"line":76,"column":2},"end":{"line":78,"column":3}},{"start":{"line":76,"column":2},"end":{"line":78,"column":3}}],"line":76},"13":{"loc":{"start":{"line":79,"column":2},"end":{"line":81,"column":3}},"type":"if","locations":[{"start":{"line":79,"column":2},"end":{"line":81,"column":3}},{"start":{"line":79,"column":2},"end":{"line":81,"column":3}}],"line":79},"14":{"loc":{"start":{"line":86,"column":4},"end":{"line":86,"column":46}},"type":"if","locations":[{"start":{"line":86,"column":4},"end":{"line":86,"column":46}},{"start":{"line":86,"column":4},"end":{"line":86,"column":46}}],"line":86},"15":{"loc":{"start":{"line":87,"column":22},"end":{"line":87,"column":77}},"type":"binary-expr","locations":[{"start":{"line":87,"column":22},"end":{"line":87,"column":41}},{"start":{"line":87,"column":45},"end":{"line":87,"column":77}}],"line":87},"16":{"loc":{"start":{"line":88,"column":4},"end":{"line":91,"column":5}},"type":"if","locations":[{"start":{"line":88,"column":4},"end":{"line":91,"column":5}},{"start":{"line":88,"column":4},"end":{"line":91,"column":5}}],"line":88},"17":{"loc":{"start":{"line":88,"column":8},"end":{"line":88,"column":34}},"type":"binary-expr","locations":[{"start":{"line":88,"column":8},"end":{"line":88,"column":21}},{"start":{"line":88,"column":25},"end":{"line":88,"column":34}}],"line":88}},"s":{"0":1,"1":1,"2":6,"3":1,"4":38,"5":1,"6":4,"7":1,"8":2,"9":2,"10":2,"11":34,"12":4,"13":34,"14":2,"15":3,"16":38,"17":12,"18":12,"19":12,"20":13,"21":12,"22":12,"23":26,"24":3,"25":0,"26":0,"27":0,"28":0,"29":0,"30":0,"31":0,"32":0,"33":0,"34":0,"35":0,"36":2,"37":2,"38":2,"39":2,"40":1,"41":2,"42":2,"43":2,"44":2,"45":34,"46":34,"47":34,"48":4,"49":30,"50":30,"51":12,"52":12,"53":2,"54":1,"55":1,"56":1,"57":1},"f":{"0":6,"1":38,"2":4,"3":2,"4":2,"5":34,"6":3,"7":38,"8":0,"9":2,"10":0},"b":{"0":[4,30],"1":[34,32],"2":[12,26],"3":[38,12],"4":[0,0],"5":[0,0],"6":[0,0],"7":[0,0],"8":[0,0],"9":[0,0],"10":[0,0],"11":[1],"12":[1,1],"13":[2,0],"14":[4,30],"15":[30,0],"16":[12,18],"17":[30,18]},"_coverageSchema":"1a1c01bbd47fc00a2c39e90264f33305004495a9","hash":"a7ce150624113a9b424b761238dc35b31a78d7ee"}
}
