TN:
SF:dwertheimer.TaskAutomations/src/paragraphDetail.js
FN:4,(anonymous_0)
FN:5,(anonymous_1)
FN:6,(anonymous_2)
FN:7,(anonymous_3)
FN:14,setHeadings
FN:16,(anonymous_5)
FN:28,setTextIndents
FN:29,(anonymous_7)
FN:49,comparePredecessor
FN:67,flagParagraphsForSweeping
FN:103,getParagraphDetail
FNF:11
FNH:9
FNDA:6,(anonymous_0)
FNDA:38,(anonymous_1)
FNDA:4,(anonymous_2)
FNDA:2,(anonymous_3)
FNDA:2,setHeadings
FNDA:34,(anonymous_5)
FNDA:3,setTextIndents
FNDA:38,(anonymous_7)
FNDA:0,comparePredecessor
FNDA:2,flagParagraphsForSweeping
FNDA:0,getParagraphDetail
DA:2,1
DA:4,6
DA:5,38
DA:6,4
DA:7,2
DA:15,2
DA:16,2
DA:17,34
DA:18,34
DA:20,2
DA:29,3
DA:30,38
DA:31,12
DA:32,12
DA:33,13
DA:34,12
DA:35,12
DA:37,26
DA:39,3
DA:51,0
DA:52,0
DA:53,0
DA:55,0
DA:57,0
DA:58,0
DA:59,0
DA:68,2
DA:74,2
DA:75,2
DA:76,2
DA:77,1
DA:79,2
DA:80,2
DA:83,2
DA:84,34
DA:85,34
DA:86,34
DA:87,30
DA:88,30
DA:89,12
DA:90,12
DA:93,2
DA:109,1
DA:112,1
DA:114,1
DA:117,1
LF:46
LH:39
BRDA:17,0,0,4
BRDA:17,0,1,30
BRDA:17,1,0,34
BRDA:17,1,1,32
BRDA:30,2,0,12
BRDA:30,2,1,26
BRDA:30,3,0,38
BRDA:30,3,1,12
BRDA:52,4,0,0
BRDA:52,4,1,0
BRDA:53,5,0,0
BRDA:53,5,1,0
BRDA:55,6,0,0
BRDA:55,6,1,0
BRDA:57,7,0,0
BRDA:57,7,1,0
BRDA:57,8,0,0
BRDA:57,8,1,0
BRDA:58,9,0,0
BRDA:58,9,1,0
BRDA:58,10,0,0
BRDA:58,10,1,0
BRDA:67,11,0,1
BRDA:76,12,0,1
BRDA:76,12,1,1
BRDA:79,13,0,2
BRDA:79,13,1,0
BRDA:86,14,0,4
BRDA:86,14,1,30
BRDA:87,15,0,30
BRDA:87,15,1,0
BRDA:88,16,0,12
BRDA:88,16,1,18
BRDA:88,17,0,30
BRDA:88,17,1,18
BRF:35
BRH:19
end_of_record
